D:\GITREPOSITORY\RELEASE\TERRAIN_GENERATOR.EXE
D:\GITREPOSITORY\RELEASE\TERRAIN_GENERATOR.PDB
D:\GITREPOSITORY\TERRAIN_GENERATOR\RELEASE\GEN_MAIN.OBJ
D:\GITREPOSITORY\TERRAIN_GENERATOR\RELEASE\TERRAIN_GENERATOR.EXE.INTERMEDIATE.MANIFEST
D:\GITREPOSITORY\TERRAIN_GENERATOR\RELEASE\VC100.PDB
D:\MYCRAFT\RELEASE\TERRAIN_GENERATOR.EXE
D:\MYCRAFT\RELEASE\TERRAIN_GENERATOR.PDB
D:\MYCRAFT\TERRAIN_GENERATOR\RELEASE\GEN_MAIN.OBJ
D:\MYCRAFT\TERRAIN_GENERATOR\RELEASE\TERRAIN_GENERATOR.EXE.INTERMEDIATE.MANIFEST
D:\MYCRAFT\TERRAIN_GENERATOR\RELEASE\VC100.PDB
D:\MYCRAFTMIX\RELEASE\TERRAIN_GENERATOR.EXE
D:\MYCRAFTMIX\RELEASE\TERRAIN_GENERATOR.PDB
D:\MYCRAFTMIX\TERRAIN_GENERATOR\RELEASE\GEN_MAIN.OBJ
D:\MYCRAFTMIX\TERRAIN_GENERATOR\RELEASE\TERRAIN_GENERATOR.EXE.INTERMEDIATE.MANIFEST
D:\MYCRAFTMIX\TERRAIN_GENERATOR\RELEASE\VC100.PDB
D:\MYCRAFT-MIXED\RELEASE\TERRAIN_GENERATOR.EXE
D:\MYCRAFT-MIXED\RELEASE\TERRAIN_GENERATOR.PDB
D:\MYCRAFT-MIXED\TERRAIN_GENERATOR\RELEASE\GEN_MAIN.OBJ
D:\MYCRAFT-MIXED\TERRAIN_GENERATOR\RELEASE\TERRAIN_GENERATOR.EXE.INTERMEDIATE.MANIFEST
D:\MYCRAFT-MIXED\TERRAIN_GENERATOR\RELEASE\VC100.PDB
D:\VSPROJ\MYCRAFT\RELEASE\TERRAIN_GENERATOR.EXE
D:\VSPROJ\MYCRAFT\RELEASE\TERRAIN_GENERATOR.PDB
D:\vsproj\MyCraft\terrain_generator\Release\cl.command.1.tlog
D:\vsproj\MyCraft\terrain_generator\Release\CL.read.1.tlog
D:\vsproj\MyCraft\terrain_generator\Release\CL.write.1.tlog
D:\VSPROJ\MYCRAFT\TERRAIN_GENERATOR\RELEASE\GEN_MAIN.OBJ
D:\vsproj\MyCraft\terrain_generator\Release\link.command.1.tlog
D:\vsproj\MyCraft\terrain_generator\Release\link.read.1.tlog
D:\vsproj\MyCraft\terrain_generator\Release\link.write.1.tlog
D:\vsproj\MyCraft\terrain_generator\Release\mt.command.1.tlog
D:\vsproj\MyCraft\terrain_generator\Release\mt.read.1.tlog
D:\vsproj\MyCraft\terrain_generator\Release\mt.write.1.tlog
D:\VSPROJ\MYCRAFT\TERRAIN_GENERATOR\RELEASE\TERRAIN_GENERATOR.EXE.INTERMEDIATE.MANIFEST
D:\vsproj\MyCraft\terrain_generator\Release\terrain_generator.vcxprojResolveAssemblyReference.cache
D:\vsproj\MyCraft\terrain_generator\Release\terrain_generator.write.1.tlog
D:\VSPROJ\MYCRAFT\TERRAIN_GENERATOR\RELEASE\VC100.PDB
