生成启动时间为 2015/5/5 20:34:39。
     1>项目“D:\vsproj\MyCraft\terrain_generator\terrain_generator.vcxproj”在节点 3 上(build 个目标)。
     1>InitializeBuildStatus:
         正在创建“Release\terrain_generator.unsuccessfulbuild”，因为已指定“AlwaysCreate”。
       ClCompile:
         D:\Program Files (x86)\Microsoft Visual Studio 10.0\VC\bin\CL.exe /c /Zi /nologo /W3 /WX- /O2 /Oi /Oy- /GL /D _MBCS /Gm- /EHsc /MD /GS /Gy /fp:precise /Zc:wchar_t /Zc:forScope /Fo"Release\\" /Fd"Release\vc100.pdb" /Gd /TP /analyze- /errorReport:prompt gen_main.cpp
         gen_main.cpp
       Link:
         D:\Program Files (x86)\Microsoft Visual Studio 10.0\VC\bin\link.exe /ERRORREPORT:PROMPT /OUT:"D:\vsproj\MyCraft\Release\terrain_generator.exe" /NOLOGO alibcof32.lib kernel32.lib user32.lib gdi32.lib winspool.lib comdlg32.lib advapi32.lib shell32.lib ole32.lib oleaut32.lib uuid.lib odbc32.lib odbccp32.lib kernel32.lib user32.lib gdi32.lib winspool.lib comdlg32.lib advapi32.lib shell32.lib ole32.lib oleaut32.lib uuid.lib odbc32.lib odbccp32.lib /MANIFEST /ManifestFile:"Release\terrain_generator.exe.intermediate.manifest" /MANIFESTUAC:"level='asInvoker' uiAccess='false'" /DEBUG /PDB:"D:\vsproj\MyCraft\Release\terrain_generator.pdb" /OPT:REF /OPT:ICF /LTCG /TLBID:1 /DYNAMICBASE /NXCOMPAT /IMPLIB:"D:\vsproj\MyCraft\Release\terrain_generator.lib" /MACHINE:X86 Release\gen_main.obj
         正在生成代码
         已完成代码的生成
         terrain_generator.vcxproj -> D:\vsproj\MyCraft\Release\terrain_generator.exe
       Manifest:
         C:\Program Files (x86)\Microsoft SDKs\Windows\v7.0A\bin\mt.exe /nologo /verbose /outputresource:"D:\vsproj\MyCraft\Release\terrain_generator.exe;#1" /manifest Release\terrain_generator.exe.intermediate.manifest
       FinalizeBuildStatus:
         正在删除文件“Release\terrain_generator.unsuccessfulbuild”。
         正在对“Release\terrain_generator.lastbuildstate”执行 Touch 任务。
     1>已完成生成项目“D:\vsproj\MyCraft\terrain_generator\terrain_generator.vcxproj”(build 个目标)的操作。

生成成功。

已用时间 00:00:00.42
