生成启动时间为 2015/5/5 22:09:05。
     1>项目“D:\vsproj\MyCraft\MyCraft\MyCraft.vcxproj”在节点 2 上(build 个目标)。
     1>InitializeBuildStatus:
         正在创建“Release\MyCraft.unsuccessfulbuild”，因为已指定“AlwaysCreate”。
       ClCompile:
         D:\Program Files (x86)\Microsoft Visual Studio 10.0\VC\bin\CL.exe /c /Zi /nologo /W3 /WX- /O2 /Oi /Oy- /GL /D _MBCS /Gm- /EHsc /MD /GS /Gy /fp:precise /Zc:wchar_t /Zc:forScope /Fo"Release\\" /Fd"Release\vc100.pdb" /Gd /TP /analyze- /errorReport:prompt Render.cpp
         Render.cpp
       Link:
         D:\Program Files (x86)\Microsoft Visual Studio 10.0\VC\bin\link.exe /ERRORREPORT:PROMPT /OUT:"D:\vsproj\MyCraft\Release\MyCraft.exe" /NOLOGO /LIBPATH:"D:\3rdparty\glew-1.12.0\lib\Release\Win32" SOIL.lib alibcof32.lib glu32.lib kernel32.lib user32.lib gdi32.lib winspool.lib comdlg32.lib advapi32.lib shell32.lib ole32.lib oleaut32.lib uuid.lib odbc32.lib odbccp32.lib kernel32.lib user32.lib gdi32.lib winspool.lib comdlg32.lib advapi32.lib shell32.lib ole32.lib oleaut32.lib uuid.lib odbc32.lib odbccp32.lib /MANIFEST /ManifestFile:"Release\MyCraft.exe.intermediate.manifest" /MANIFESTUAC:"level='asInvoker' uiAccess='false'" /DEBUG /PDB:"D:\vsproj\MyCraft\Release\MyCraft.pdb" /OPT:REF /OPT:ICF /LTCG /TLBID:1 /DYNAMICBASE /NXCOMPAT /IMPLIB:"D:\vsproj\MyCraft\Release\MyCraft.lib" /MACHINE:X86 Release\Block.obj
         Release\common.obj
         Release\Event.obj
         Release\File.obj
         Release\main.obj
         Release\Map.obj
         Release\COLOR.obj
         Release\MATRIX4X4.obj
         Release\PLANE.obj
         Release\VECTOR2D.obj
         Release\VECTOR3D.obj
         Release\VECTOR4D.obj
         Release\Player.obj
         Release\Render.obj
         Release\Shader.obj
         Release\texture.obj
         Release\World.obj
         正在生成代码
         已完成代码的生成
     1>SOIL.lib(SOIL.obj) : warning LNK4099: 未找到 PDB“vc100.pdb”(使用“SOIL.lib(SOIL.obj)”或在“D:\vsproj\MyCraft\Release\vc100.pdb”中寻找)；正在链接对象，如同没有调试信息一样
     1>SOIL.lib(stb_image_aug.obj) : warning LNK4099: 未找到 PDB“vc100.pdb”(使用“SOIL.lib(stb_image_aug.obj)”或在“D:\vsproj\MyCraft\Release\vc100.pdb”中寻找)；正在链接对象，如同没有调试信息一样
     1>SOIL.lib(image_helper.obj) : warning LNK4099: 未找到 PDB“vc100.pdb”(使用“SOIL.lib(image_helper.obj)”或在“D:\vsproj\MyCraft\Release\vc100.pdb”中寻找)；正在链接对象，如同没有调试信息一样
     1>SOIL.lib(image_DXT.obj) : warning LNK4099: 未找到 PDB“vc100.pdb”(使用“SOIL.lib(image_DXT.obj)”或在“D:\vsproj\MyCraft\Release\vc100.pdb”中寻找)；正在链接对象，如同没有调试信息一样
         MyCraft.vcxproj -> D:\vsproj\MyCraft\Release\MyCraft.exe
       Manifest:
         C:\Program Files (x86)\Microsoft SDKs\Windows\v7.0A\bin\mt.exe /nologo /verbose /outputresource:"D:\vsproj\MyCraft\Release\MyCraft.exe;#1" /manifest Release\MyCraft.exe.intermediate.manifest
       FinalizeBuildStatus:
         正在删除文件“Release\MyCraft.unsuccessfulbuild”。
         正在对“Release\MyCraft.lastbuildstate”执行 Touch 任务。
     1>已完成生成项目“D:\vsproj\MyCraft\MyCraft\MyCraft.vcxproj”(build 个目标)的操作。

生成成功。

已用时间 00:00:02.81
